d:\github projects\qttrans\server\release\qrc_res.obj
d:\github projects\qttrans\server\release\sendwork.obj
d:\github projects\qttrans\server\release\mainwindow.obj
d:\github projects\qttrans\server\release\recvwork.obj
d:\github projects\qttrans\server\release\main.obj
d:\github projects\qttrans\server\release\mytcpserver.obj
d:\github projects\qttrans\server\release\moc_sendwork.obj
d:\github projects\qttrans\server\release\moc_mytcpserver.obj
d:\github projects\qttrans\server\release\moc_recvwork.obj
d:\github projects\qttrans\server\release\moc_mainwindow.obj
d:\github projects\qttrans\server\release\moc_predefs.h
d:\github projects\qttrans\server\release\server.exe
d:\github projects\qttrans\server\release\moc_mainwindow.cpp
d:\github projects\qttrans\server\release\moc_mytcpserver.cpp
d:\github projects\qttrans\server\release\moc_recvwork.cpp
d:\github projects\qttrans\server\release\moc_sendwork.cpp
d:\github projects\qttrans\server\release\qrc_res.cpp
d:\github projects\qttrans\server\ui_mainwindow.h
d:\github projects\qttrans\server\release\server.tlog\cl.command.1.tlog
d:\github projects\qttrans\server\release\server.tlog\cl.read.1.tlog
d:\github projects\qttrans\server\release\server.tlog\cl.write.1.tlog
d:\github projects\qttrans\server\release\server.tlog\custombuild.command.1.tlog
d:\github projects\qttrans\server\release\server.tlog\custombuild.read.1.tlog
d:\github projects\qttrans\server\release\server.tlog\custombuild.write.1.tlog
d:\github projects\qttrans\server\release\server.tlog\link.command.1.tlog
d:\github projects\qttrans\server\release\server.tlog\link.read.1.tlog
d:\github projects\qttrans\server\release\server.tlog\link.write.1.tlog
d:\github projects\qttrans\server\release\server.tlog\moc.read.1u.tlog
d:\github projects\qttrans\server\release\server.tlog\moc.write.1u.tlog
d:\github projects\qttrans\server\release\server.tlog\rcc.read.1u.tlog
d:\github projects\qttrans\server\release\server.tlog\rcc.write.1u.tlog
d:\github projects\qttrans\server\release\server.tlog\server.write.1u.tlog
d:\github projects\qttrans\server\release\server.tlog\uic.read.1u.tlog
d:\github projects\qttrans\server\release\server.tlog\uic.write.1u.tlog
