d:\github projects\qttrans\client\release\qrc_res.obj
d:\github projects\qttrans\client\release\main.obj
d:\github projects\qttrans\client\release\recvwork.obj
d:\github projects\qttrans\client\release\sendwork.obj
d:\github projects\qttrans\client\release\mainwindow.obj
d:\github projects\qttrans\client\release\moc_sendwork.obj
d:\github projects\qttrans\client\release\moc_recvwork.obj
d:\github projects\qttrans\client\release\moc_mainwindow.obj
d:\github projects\qttrans\client\ui_mainwindow.h
d:\github projects\qttrans\client\release\qrc_res.cpp
d:\github projects\qttrans\client\release\moc_mainwindow.cpp
d:\github projects\qttrans\client\release\moc_recvwork.cpp
d:\github projects\qttrans\client\release\moc_sendwork.cpp
d:\github projects\qttrans\client\release\moc_predefs.h
d:\github projects\qttrans\client\release\client.exe
d:\github projects\qttrans\client\release\client.tlog\cl.command.1.tlog
d:\github projects\qttrans\client\release\client.tlog\cl.read.1.tlog
d:\github projects\qttrans\client\release\client.tlog\cl.write.1.tlog
d:\github projects\qttrans\client\release\client.tlog\client.write.1u.tlog
d:\github projects\qttrans\client\release\client.tlog\custombuild.command.1.tlog
d:\github projects\qttrans\client\release\client.tlog\custombuild.read.1.tlog
d:\github projects\qttrans\client\release\client.tlog\custombuild.write.1.tlog
d:\github projects\qttrans\client\release\client.tlog\link.command.1.tlog
d:\github projects\qttrans\client\release\client.tlog\link.read.1.tlog
d:\github projects\qttrans\client\release\client.tlog\link.write.1.tlog
d:\github projects\qttrans\client\release\client.tlog\moc.read.1u.tlog
d:\github projects\qttrans\client\release\client.tlog\moc.write.1u.tlog
d:\github projects\qttrans\client\release\client.tlog\rcc.read.1u.tlog
d:\github projects\qttrans\client\release\client.tlog\rcc.write.1u.tlog
